<?xml version="1.0" encoding="UTF-8"?>
<testng-results skipped="0" failed="0" ignored="0" total="2" passed="2">
  <reporter-output>
  </reporter-output>
  <suite name="Suite" duration-ms="9816" started-at="2020-12-21T19:15:44 CST" finished-at="2020-12-21T19:15:54 CST">
    <groups>
    </groups>
    <test name="Test" duration-ms="9816" started-at="2020-12-21T19:15:44 CST" finished-at="2020-12-21T19:15:54 CST">
      <class name="testCaseTwo.testTwo">
        <test-method status="PASS" signature="setUp()[pri:0, instance:testCaseTwo.testTwo@1dfe2924]" name="setUp" is-config="true" duration-ms="9777" started-at="2020-12-21T19:15:44 CST" finished-at="2020-12-21T19:15:54 CST">
          <reporter-output>
          </reporter-output>
        </test-method> <!-- setUp -->
        <test-method status="PASS" signature="testTitle()[pri:0, instance:testCaseTwo.testTwo@1dfe2924]" name="testTitle" duration-ms="9" started-at="2020-12-21T19:15:54 CST" finished-at="2020-12-21T19:15:54 CST">
          <reporter-output>
          </reporter-output>
        </test-method> <!-- testTitle -->
        <test-method status="PASS" signature="testURL()[pri:0, instance:testCaseTwo.testTwo@1dfe2924]" name="testURL" duration-ms="5" started-at="2020-12-21T19:15:54 CST" finished-at="2020-12-21T19:15:54 CST">
          <reporter-output>
          </reporter-output>
        </test-method> <!-- testURL -->
        <test-method status="PASS" signature="terminate()[pri:0, instance:testCaseTwo.testTwo@1dfe2924]" name="terminate" is-config="true" duration-ms="0" started-at="2020-12-21T19:15:54 CST" finished-at="2020-12-21T19:15:54 CST">
          <reporter-output>
          </reporter-output>
        </test-method> <!-- terminate -->
      </class> <!-- testCaseTwo.testTwo -->
    </test> <!-- Test -->
  </suite> <!-- Suite -->
</testng-results>
